[2023-10-30 10:16:54,664] 23 root - INFO - Data Ingestion start
[2023-10-30 10:16:54,857] 26 root - INFO - Read dataset as DataFrame
[2023-10-30 10:16:56,008] 30 root - INFO - Saved the raw data in artifacts folder
[2023-10-30 10:16:56,045] 33 root - INFO - train test split completed
[2023-10-30 10:16:57,345] 37 root - INFO - Data ingestion completed
[2023-10-30 10:16:57,560] 66 root - INFO - read train and test data complete
[2023-10-30 10:16:57,566] 67 root - INFO - Train Dataframe Head : 
       id  carat        cut color clarity  depth  table     x     y     z  price
0  154693   1.01  Very Good     F     SI2   63.8   58.0  6.31  6.37  4.04   4306
1   79331   1.50    Premium     E     VS1   59.7   61.0  7.45  7.32  4.41  15528
2   71948   0.30      Ideal     G      IF   61.7   56.0  4.31  4.32  2.66    861
3   37085   0.41      Ideal     F     VS1   61.6   56.0  4.75  4.76  2.93   1076
4   15331   0.91       Good     D     SI1   63.6   58.0  6.06  6.09  3.84   4234
[2023-10-30 10:16:57,566] 68 root - INFO - Test Dataframe Head : 
       id  carat        cut color clarity  depth  table     x     y     z  price
0   95767   1.05  Very Good     H     VS2   63.5   58.0  6.41  6.46  4.08   4913
1   57368   0.30      Ideal     D     VS2   62.8   57.0  4.28  4.29  2.69    911
2    9934   0.90    Premium     G     SI1   61.4   59.0  6.17  6.22  3.80   3615
3  125245   1.35      Ideal     I     SI2   62.1   56.0  7.00  7.03  4.34   5983
4   53434   0.31      Ideal     E     VS2   61.9   54.0  4.33  4.35  2.68    680
[2023-10-30 10:16:57,566] 25 root - INFO - Data Transformation Started
[2023-10-30 10:16:57,566] 35 root - INFO - pipeline started
[2023-10-30 10:16:57,952] 84 root - INFO - Applying preprocessing object on training and testing datasets.
[2023-10-30 10:16:57,977] 22 root - INFO - Splitting Dependent and Independent variables from train and test data
[2023-10-30 10:16:58,884] 37 root - INFO - Model Report : {'LinearRegression': 0.9373576102382718, 'Lasso': 0.9377438522272911, 'Ridge': 0.9373577013598559, 'Elasticnet': 0.8560590270886945}
