[2023-10-30 08:19:26,989] 23 root - INFO - Data Ingestion start
[2023-10-30 08:19:27,174] 26 root - INFO - Read dataset as DataFrame
[2023-10-30 08:19:28,358] 30 root - INFO - Saved the raw data in artifacts folder
[2023-10-30 08:19:28,413] 33 root - INFO - train test split completed
[2023-10-30 08:19:29,564] 37 root - INFO - Data ingestion completed
[2023-10-30 08:19:29,781] 66 root - INFO - read train and test data complete
[2023-10-30 08:19:29,787] 67 root - INFO - Train Dataframe Head : 
      id  carat    cut color clarity  depth  table     x     y     z  price
0  79132   1.21  Ideal     F     VS2   62.7   56.0  6.81  6.84  4.27   8977
1  84450   1.23  Ideal     G     VS2   62.5   56.0  6.90  6.84  4.28   8647
2  14272   0.50  Ideal     E     VS2   61.0   57.0  5.11  5.15  3.13   1629
3  72666   0.59  Ideal     G     VS2   61.6   56.0  5.38  5.43  3.32   1880
4  12199   0.41  Ideal     E    VVS2   62.6   55.0  4.78  4.68  2.95   1043
[2023-10-30 08:19:29,791] 68 root - INFO - Test Dataframe Head : 
       id  carat      cut color clarity  depth  table     x     y     z  price
0   30253   1.22    Ideal     H     VS1   61.7   56.0  6.88  6.84  4.23   7768
1   99595   0.31     Good     I     SI2   63.9   56.0  4.28  4.31  2.74    363
2   66185   0.38    Ideal     G     VS1   61.9   55.0  4.64  4.67  2.88    753
3  170332   1.02  Premium     G     SI2   62.9   58.0  6.41  6.37  4.02   4670
4   15933   0.74  Premium     G     VS2   60.2   58.0  5.83  5.85  3.51   2633
[2023-10-30 08:19:29,791] 25 root - INFO - Data Transformation Started
[2023-10-30 08:19:29,791] 35 root - INFO - pipeline started
[2023-10-30 08:19:30,159] 84 root - INFO - Applying preprocessing object on training and testing datasets.
