[2023-10-29 18:16:12,275] 24 root - INFO - Data Ingestion start
[2023-10-29 18:16:12,467] 27 root - INFO - Read dataset as DataFrame
[2023-10-29 18:16:13,738] 31 root - INFO - Saved the raw data in artifacts folder
[2023-10-29 18:16:13,785] 34 root - INFO - train test split completed
[2023-10-29 18:16:15,016] 38 root - INFO - Data ingestion completed
[2023-10-29 18:16:15,225] 66 root - INFO - read train and test data complete
[2023-10-29 18:16:15,228] 67 root - INFO - Train Dataframe Head : 
       id  carat        cut color clarity  depth  table     x     y     z  price
0  148754   1.10  Very Good     E     VS1   59.1   55.0  6.77  6.67  4.02   8774
1   65478   1.20  Very Good     E     SI1   62.0   56.0  6.78  6.84  4.23   6676
2   22356   0.53  Very Good     F     VS2   61.6   57.0  5.21  5.24  3.22   1720
3   13834   0.39  Very Good     G     VS2   62.2   56.0  4.64  4.68  2.89    746
4   43973   0.52    Premium     E     SI1   63.0   57.0  5.10  5.07  3.20   1389
[2023-10-29 18:16:15,236] 68 root - INFO - Test Dataframe Head : 
       id  carat        cut color clarity  depth  table     x     y     z  price
0  181968   1.50    Premium     G     VS1   61.1   58.0  7.28  7.32  4.45  13161
1   89570   1.00  Very Good     G    VVS2   62.9   55.0  6.33  6.35  3.99   6745
2   49576   0.32    Premium     G     VS2   61.5   58.0  4.44  4.38  2.71    720
3  166838   0.91       Fair     F     SI1   64.7   55.0  6.10  6.13  3.90   3763
4    9139   1.09       Good     E     SI2   63.2   58.0  6.47  6.51  4.11   4630
[2023-10-29 18:16:15,236] 25 root - INFO - Data Transformation Started
[2023-10-29 18:16:15,236] 35 root - INFO - pipeline started
[2023-10-29 18:16:15,645] 84 root - INFO - Applying preprocessing object on training and testing datasets.
